$ next dev --turbopack
   ▲ Next.js 15.5.6 (Turbopack)
   - Local:        http://localhost:3000
   - Network:      http://169.254.0.21:3000

 ✓ Starting...
Attention: Next.js now collects completely anonymous telemetry regarding usage.
This information is used to shape Next.js' roadmap and prioritize features.
You can learn more, including how to opt-out if you'd not like to participate in this anonymous program, by visiting the following URL:
https://nextjs.org/telemetry

 ✓ Ready in 1810ms
 ○ Compiling / ...
 ✓ Compiled / in 5.8s
 ⚠ metadataBase property in metadata export is not set for resolving social open graph or twitter images, using "http://localhost:3000". See https://nextjs.org/docs/app/api-reference/functions/generate-metadata#metadatabase
 GET / 200 in 6753ms
 GET / 200 in 4762ms
 ⚠ Cross origin request detected from few-cobras-laugh.lindy.site to /_next/* resource. In a future major version of Next.js, you will need to explicitly configure "allowedDevOrigins" in next.config to allow this.
Read more: https://nextjs.org/docs/app/api-reference/config/next-config-js/allowedDevOrigins
 ○ Compiling /favicon.ico ...
 ✓ Compiled /favicon.ico in 574ms
 GET /favicon.ico 200 in 930ms
 GET / 200 in 220ms
 GET /favicon.ico 200 in 285ms
 ✓ Compiled in 357ms
 ⚠ metadataBase property in metadata export is not set for resolving social open graph or twitter images, using "http://localhost:3000". See https://nextjs.org/docs/app/api-reference/functions/generate-metadata#metadatabase
 GET / 200 in 483ms
 GET / 200 in 1589ms
 GET / 200 in 249ms
 ✓ Compiled in 173ms
 ⚠ metadataBase property in metadata export is not set for resolving social open graph or twitter images, using "http://localhost:3000". See https://nextjs.org/docs/app/api-reference/functions/generate-metadata#metadatabase
 GET / 200 in 456ms
 GET / 200 in 498ms
 GET /favicon.ico 200 in 314ms
 GET / 200 in 344ms
 GET /favicon.ico 200 in 277ms
 ✓ Compiled in 478ms
 ⚠ metadataBase property in metadata export is not set for resolving social open graph or twitter images, using "http://localhost:3000". See https://nextjs.org/docs/app/api-reference/functions/generate-metadata#metadatabase
 GET / 200 in 465ms
 GET / 200 in 196ms
 GET / 200 in 238ms
 GET /favicon.ico 200 in 269ms
 ✓ Compiled in 149ms
 ⚠ metadataBase property in metadata export is not set for resolving social open graph or twitter images, using "http://localhost:3000". See https://nextjs.org/docs/app/api-reference/functions/generate-metadata#metadatabase
 GET / 200 in 431ms
 GET / 200 in 224ms
 GET /favicon.ico 200 in 282ms
 ✓ Compiled in 288ms
 ⚠ metadataBase property in metadata export is not set for resolving social open graph or twitter images, using "http://localhost:3000". See https://nextjs.org/docs/app/api-reference/functions/generate-metadata#metadatabase
 GET / 200 in 453ms
 GET / 200 in 397ms
 ○ Compiling /_not-found/page ...
 ✓ Compiled /_not-found/page in 925ms
 GET /robots.txt 404 in 1155ms
 GET / 200 in 223ms
 GET /robots.txt 404 in 137ms
 GET / 200 in 208ms
 GET /favicon.ico 200 in 279ms
 GET / 200 in 202ms
 GET / 200 in 200ms
